c[?7l[2J[0mSeaBIOS (version 1.12.0-1)


iPXE (http://ipxe.org) 00:03.0 C980 PCI2.10 PnP PMM+07F90100+07ED0100 C980
Press Ctrl-B to configure iPXE (PCI 00:03.0)...                                                                               


Booting from Hard Disk..(THU.CST) os is loading ...

Special kernel symbols:
  entry  0xc0100036 (phys)
  etext  0xc010666c (phys)
  edata  0xc011d000 (phys)
  end    0xc011df48 (phys)
Kernel executable memory footprint: 120KB
ebp:0xc0119f38 eip:0xc0100a91 args:0x000100b4 0x000100b4 0xc0119f68 0xc01000d0 
    kern/debug/kdebug.c:308: print_stackframe+21
ebp:0xc0119f48 eip:0xc0100d7b args:0x00000000 0x00000000 0x00000000 0xc0119fb8 
    kern/debug/kmonitor.c:129: mon_backtrace+10
ebp:0xc0119f68 eip:0xc01000d0 args:0x00000000 0xc0119f90 0xffff0000 0xc0119f94 
    kern/init/init.c:51: grade_backtrace2+33
ebp:0xc0119f88 eip:0xc01000fa args:0x00000000 0xffff0000 0xc0119fb4 0x0000002a 
    kern/init/init.c:56: grade_backtrace1+38
ebp:0xc0119fa8 eip:0xc0100119 args:0x00000000 0xc0100036 0xffff0000 0x0000001d 
    kern/init/init.c:61: grade_backtrace0+23
ebp:0xc0119fc8 eip:0xc010013f args:0xc010669c 0xc0106680 0x00000f48 0x00000000 
    kern/init/init.c:66: grade_backtrace+34
ebp:0xc0119ff8 eip:0xc0100087 args:0xc0106888 0xc0106890 0xc0100d03 0xc01068af 
    kern/init/init.c:29: kern_init+80
memory management: default_pmm_manager
e820map:
  memory: 0009fc00, [00000000, 0009fbff], type = 1.
  memory: 00000400, [0009fc00, 0009ffff], type = 2.
  memory: 00010000, [000f0000, 000fffff], type = 2.
  memory: 07ee0000, [00100000, 07fdffff], type = 1.
  memory: 00020000, [07fe0000, 07ffffff], type = 2.
  memory: 00040000, [fffc0000, ffffffff], type = 2.
Page address is c01202d8
kernel warning at kern/mm/default_pmm.c:133:
    memory shortage
kernel warning at kern/mm/default_pmm.c:133:
    memory shortage
kernel warning at kern/mm/default_pmm.c:133:
    memory shortage
kernel warning at kern/mm/default_pmm.c:149:
    external fragmentation: There are enough memory, but can't find continuous space to allocate
kernel warning at kern/mm/default_pmm.c:133:
    memory shortage
kernel warning at kern/mm/default_pmm.c:133:
    memory shortage
kernel warning at kern/mm/default_pmm.c:133:
    memory shortage
check_alloc_page() succeeded!
check_pgdir() succeeded!
check_boot_pgdir() succeeded!
-------------------- BEGIN --------------------
PDE(0e0) c0000000-f8000000 38000000 urw
  |-- PTE(38000) c0000000-f8000000 38000000 -rw
PDE(001) fac00000-fb000000 00400000 -rw
  |-- PTE(000e0) faf00000-fafe0000 000e0000 urw
  |-- PTE(00001) fafeb000-fafec000 00001000 -rw
--------------------- END ---------------------
++ setup timer interrupts
hello world
hello world
hello world
hello world
hello world
hello world
hello world
hello world
hello world
hello world
hello world
hello world
hello world
hello world
hello world
hello world
hello world
hello world
hello world
hello world
hello world
hello world
hello world
hello world
hello world
hello world
hello world
hello world
hello world
hello world
hello world
hello world
hello world
hello world
hello world
hello world
hello world
